Using pre-set license
Built from '2021.3/staging' branch; Version is '2021.3.18f1 (3129e69bc0c7) revision 3221990'; Using compiler version '192829333'; Build Type 'Release'
OS: 'Windows 10  (10.0.19045) 64bit Core' Language: 'zh' Physical Memory: 16085 MB
BatchMode: 1, IsHumanControllingUs: 0, StartBugReporterOnCrash: 0, Is64bit: 1, IsPro: 1

COMMAND LINE ARGUMENTS:
C:\Program Files\Unity\Hub\Editor\2021.3.18f1\Editor\Unity.exe
-adb2
-batchMode
-noUpm
-name
AssetImportWorker3
-projectPath
C:/Program Files/Unity/Project/2021.3/2.5D
-logFile
Logs/AssetImportWorker3.log
-srvPort
65489
Successfully changed project path to: C:/Program Files/Unity/Project/2021.3/2.5D
C:/Program Files/Unity/Project/2021.3/2.5D
[UnityMemory] Configuration Parameters - Can be set up in boot.config
    "memorysetup-bucket-allocator-granularity=16"
    "memorysetup-bucket-allocator-bucket-count=8"
    "memorysetup-bucket-allocator-block-size=33554432"
    "memorysetup-bucket-allocator-block-count=8"
    "memorysetup-main-allocator-block-size=16777216"
    "memorysetup-thread-allocator-block-size=16777216"
    "memorysetup-gfx-main-allocator-block-size=16777216"
    "memorysetup-gfx-thread-allocator-block-size=16777216"
    "memorysetup-cache-allocator-block-size=4194304"
    "memorysetup-typetree-allocator-block-size=2097152"
    "memorysetup-profiler-bucket-allocator-granularity=16"
    "memorysetup-profiler-bucket-allocator-bucket-count=8"
    "memorysetup-profiler-bucket-allocator-block-size=33554432"
    "memorysetup-profiler-bucket-allocator-block-count=8"
    "memorysetup-profiler-allocator-block-size=16777216"
    "memorysetup-profiler-editor-allocator-block-size=1048576"
    "memorysetup-temp-allocator-size-main=16777216"
    "memorysetup-job-temp-allocator-block-size=2097152"
    "memorysetup-job-temp-allocator-block-size-background=1048576"
    "memorysetup-job-temp-allocator-reduction-small-platforms=262144"
    "memorysetup-temp-allocator-size-background-worker=32768"
    "memorysetup-temp-allocator-size-job-worker=262144"
    "memorysetup-temp-allocator-size-preload-manager=33554432"
    "memorysetup-temp-allocator-size-nav-mesh-worker=65536"
    "memorysetup-temp-allocator-size-audio-worker=65536"
    "memorysetup-temp-allocator-size-cloud-worker=32768"
    "memorysetup-temp-allocator-size-gi-baking-worker=262144"
    "memorysetup-temp-allocator-size-gfx=262144"
Player connection [16724] Host "[IP] 26.183.208.102 [Port] 0 [Flags] 2 [Guid] 1076411890 [EditorId] 1076411890 [Version] 1048832 [Id] WindowsEditor(7,NOBOLLEL-TONY) [Debug] 1 [PackageName] WindowsEditor [ProjectName] Editor" joined multi-casting on [225.0.0.222:54997]...

Player connection [16724] Host "[IP] 26.183.208.102 [Port] 0 [Flags] 2 [Guid] 1076411890 [EditorId] 1076411890 [Version] 1048832 [Id] WindowsEditor(7,NOBOLLEL-TONY) [Debug] 1 [PackageName] WindowsEditor [ProjectName] Editor" joined alternative multi-casting on [225.0.0.222:34997]...

Refreshing native plugins compatible for Editor in 69.80 ms, found 0 plugins.
Preloading 0 native plugins for Editor in 0.00 ms.
Initialize engine version: 2021.3.18f1 (3129e69bc0c7)
[Subsystems] Discovering subsystems at path C:/Program Files/Unity/Hub/Editor/2021.3.18f1/Editor/Data/Resources/UnitySubsystems
[Subsystems] Discovering subsystems at path C:/Program Files/Unity/Project/2021.3/2.5D/Assets
GfxDevice: creating device client; threaded=0; jobified=0
Direct3D:
    Version:  Direct3D 11.0 [level 11.1]
    Renderer: NVIDIA GeForce RTX 3050 Ti Laptop GPU (ID=0x25a0)
    Vendor:   NVIDIA
    VRAM:     3976 MB
    Driver:   31.0.15.3118
Initialize mono
Mono path[0] = 'C:/Program Files/Unity/Hub/Editor/2021.3.18f1/Editor/Data/Managed'
Mono path[1] = 'C:/Program Files/Unity/Hub/Editor/2021.3.18f1/Editor/Data/MonoBleedingEdge/lib/mono/unityjit-win32'
Mono config path = 'C:/Program Files/Unity/Hub/Editor/2021.3.18f1/Editor/Data/MonoBleedingEdge/etc'
Using monoOptions --debugger-agent=transport=dt_socket,embedding=1,server=y,suspend=n,address=127.0.0.1:56172
Begin MonoManager ReloadAssembly
Registering precompiled unity dll's ...
Register platform support module: C:/Program Files/Unity/Hub/Editor/2021.3.18f1/Editor/Data/PlaybackEngines/WebGLSupport/UnityEditor.WebGL.Extensions.dll
Register platform support module: C:/Program Files/Unity/Hub/Editor/2021.3.18f1/Editor/Data/PlaybackEngines/AndroidPlayer/UnityEditor.Android.Extensions.dll
Register platform support module: C:/Program Files/Unity/Hub/Editor/2021.3.18f1/Editor/Data/PlaybackEngines/WindowsStandaloneSupport/UnityEditor.WindowsStandalone.Extensions.dll
Registered in 0.010055 seconds.
Native extension for WindowsStandalone target not found
Native extension for Android target not found
Android Extension - Scanning For ADB Devices 341 ms
Native extension for WebGL target not found
Refreshing native plugins compatible for Editor in 71.60 ms, found 0 plugins.
Preloading 0 native plugins for Editor in 0.00 ms.
Mono: successfully reloaded assembly
- Completed reload, in  1.050 seconds
Domain Reload Profiling:
	ReloadAssembly (1050ms)
		BeginReloadAssembly (86ms)
			ExecutionOrderSort (0ms)
			DisableScriptedObjects (0ms)
			BackupInstance (0ms)
			ReleaseScriptingObjects (0ms)
			CreateAndSetChildDomain (1ms)
		EndReloadAssembly (826ms)
			LoadAssemblies (83ms)
			RebuildTransferFunctionScriptingTraits (0ms)
			SetupTypeCache (115ms)
			ReleaseScriptCaches (0ms)
			RebuildScriptCaches (30ms)
			SetupLoadedEditorAssemblies (634ms)
				LogAssemblyErrors (0ms)
				InitializePlatformSupportModulesInManaged (416ms)
				SetLoadedEditorAssemblies (0ms)
				RefreshPlugins (72ms)
				BeforeProcessingInitializeOnLoad (1ms)
				ProcessInitializeOnLoadAttributes (101ms)
				ProcessInitializeOnLoadMethodAttributes (43ms)
				AfterProcessingInitializeOnLoad (0ms)
				EditorAssembliesLoaded (0ms)
			ExecutionOrderSort2 (0ms)
			AwakeInstancesAfterBackupRestoration (0ms)
Platform modules already initialized, skipping
Registering precompiled user dll's ...
Registered in 0.002841 seconds.
Begin MonoManager ReloadAssembly
Native extension for WindowsStandalone target not found
Native extension for Android target not found
Native extension for WebGL target not found
Refreshing native plugins compatible for Editor in 71.83 ms, found 0 plugins.
Preloading 0 native plugins for Editor in 0.00 ms.
Mono: successfully reloaded assembly
- Completed reload, in  1.227 seconds
Domain Reload Profiling:
	ReloadAssembly (1228ms)
		BeginReloadAssembly (125ms)
			ExecutionOrderSort (0ms)
			DisableScriptedObjects (7ms)
			BackupInstance (0ms)
			ReleaseScriptingObjects (0ms)
			CreateAndSetChildDomain (20ms)
		EndReloadAssembly (968ms)
			LoadAssemblies (93ms)
			RebuildTransferFunctionScriptingTraits (0ms)
			SetupTypeCache (211ms)
			ReleaseScriptCaches (1ms)
			RebuildScriptCaches (69ms)
			SetupLoadedEditorAssemblies (545ms)
				LogAssemblyErrors (0ms)
				InitializePlatformSupportModulesInManaged (21ms)
				SetLoadedEditorAssemblies (0ms)
				RefreshPlugins (72ms)
				BeforeProcessingInitializeOnLoad (91ms)
				ProcessInitializeOnLoadAttributes (262ms)
				ProcessInitializeOnLoadMethodAttributes (89ms)
				AfterProcessingInitializeOnLoad (10ms)
				EditorAssembliesLoaded (0ms)
			ExecutionOrderSort2 (0ms)
			AwakeInstancesAfterBackupRestoration (6ms)
Platform modules already initialized, skipping
========================================================================
Worker process is ready to serve import requests
Launched and connected shader compiler UnityShaderCompiler.exe after 0.06 seconds
Refreshing native plugins compatible for Editor in 1.12 ms, found 0 plugins.
Preloading 0 native plugins for Editor in 0.00 ms.
Unloading 3540 Unused Serialized files (Serialized files now loaded: 0)
Unloading 32 unused Assets / (478.8 KB). Loaded Objects now: 4026.
Memory consumption went from 172.6 MB to 172.1 MB.
Total: 4.977400 ms (FindLiveObjects: 0.418400 ms CreateObjectMapping: 0.262900 ms MarkObjects: 3.932700 ms  DeleteObjects: 0.361900 ms)

AssetImportParameters requested are different than current active one (requested -> active):
  custom:video-decoder-ogg-theora: a1e56fd34408186e4bbccfd4996cb3dc -> 
  custom:container-muxer-webm: aa71ff27fc2769a1b78a27578f13a17b -> 
  custom:container-demuxer-webm: 4f35f7cbe854078d1ac9338744f61a02 -> 
  custom:video-encoder-webm-vp8: eb34c28f22e8b96e1ab97ce403110664 -> 
  custom:audio-encoder-webm-vorbis: bf7c407c2cedff20999df2af8eb42d56 -> 
  custom:framework-win-MediaFoundation: 216162199b28c13a410421893ffa2e32 -> 
  custom:container-demuxer-ogg: 62fdf1f143b41e24485cea50d1cbac27 -> 
  custom:video-decoder-webm-vp8: 9c59270c3fd7afecdb556c50c9e8de78 -> 
  custom:audio-decoder-ogg-vorbis: bf7c407c2cedff20999df2af8eb42d56 -> 
========================================================================
Received Import Request.
  Time since last request: 8821.310209 seconds.
  path: Packages/com.unity.searcher/Editor/Resources/FlatSkin/Font/Roboto-Thin.ttf
  artifactKey: Guid(19a9abb883540be48b75b951a927ae03) Importer(815301076,1909f56bfc062723c751e8b465ee728b)
Start importing Packages/com.unity.searcher/Editor/Resources/FlatSkin/Font/Roboto-Thin.ttf using Guid(19a9abb883540be48b75b951a927ae03) Importer(815301076,1909f56bfc062723c751e8b465ee728b)  -> (artifact id: '0a9f93c452fad25e24cb35d4cb579467') in 0.385294 seconds 
========================================================================
Received Import Request.
  Time since last request: 0.000041 seconds.
  path: Assets/TileWorldCreator/Tiles/Version 3 Tiles/4-Tiles/Block/Mesh/blockRamp_exteriorCorner_mesh.fbx
  artifactKey: Guid(4aaaf69e9bc03f8489db3df30290f017) Importer(815301076,1909f56bfc062723c751e8b465ee728b)
Start importing Assets/TileWorldCreator/Tiles/Version 3 Tiles/4-Tiles/Block/Mesh/blockRamp_exteriorCorner_mesh.fbx using Guid(4aaaf69e9bc03f8489db3df30290f017) Importer(815301076,1909f56bfc062723c751e8b465ee728b)  -> (artifact id: '3612af81010ebbd85def88ed92455508') in 0.351529 seconds 
========================================================================
Received Import Request.
  Time since last request: 0.000064 seconds.
  path: Assets/TileWorldCreator/Tiles/Version 2 Tiles/Prototype/_materials/mat_preset00_stones.mat
  artifactKey: Guid(5fd33127c781c5447b01fae5de567c99) Importer(815301076,1909f56bfc062723c751e8b465ee728b)
Start importing Assets/TileWorldCreator/Tiles/Version 2 Tiles/Prototype/_materials/mat_preset00_stones.mat using Guid(5fd33127c781c5447b01fae5de567c99) Importer(815301076,1909f56bfc062723c751e8b465ee728b)  -> (artifact id: 'f163ceeb78d1d4dcf0d285c115d38d67') in 0.969513 seconds 
========================================================================
Received Import Request.
  Time since last request: 0.000108 seconds.
  path: Assets/ExampleAssets/Materials/Plastic_Transparent.mat
  artifactKey: Guid(8a38b7350df9a9c438e568993a00e5c5) Importer(815301076,1909f56bfc062723c751e8b465ee728b)
Start importing Assets/ExampleAssets/Materials/Plastic_Transparent.mat using Guid(8a38b7350df9a9c438e568993a00e5c5) Importer(815301076,1909f56bfc062723c751e8b465ee728b)  -> (artifact id: '200cceb1ddd1b109908e8b3ee8993fe0') in 1.140850 seconds 
========================================================================
Received Import Request.
  Time since last request: 0.000037 seconds.
  path: Assets/TileWorldCreator/Tiles/Version 2 Tiles/Prototype/_materials/mat_preset00_F.mat
  artifactKey: Guid(1dd62300c61851148a54f5c3c538c630) Importer(815301076,1909f56bfc062723c751e8b465ee728b)
Start importing Assets/TileWorldCreator/Tiles/Version 2 Tiles/Prototype/_materials/mat_preset00_F.mat using Guid(1dd62300c61851148a54f5c3c538c630) Importer(815301076,1909f56bfc062723c751e8b465ee728b)  -> (artifact id: '58c616f2e1e8f753124f9ee6d296c3c2') in 0.040131 seconds 
========================================================================
Received Import Request.
  Time since last request: 0.000027 seconds.
  path: Assets/TileWorldCreator/Tiles/Version 2 Tiles/Prototype/_materials/mat_preset00_C.mat
  artifactKey: Guid(a6796c97b7a288e4a8dcf6121b322bd3) Importer(815301076,1909f56bfc062723c751e8b465ee728b)
Start importing Assets/TileWorldCreator/Tiles/Version 2 Tiles/Prototype/_materials/mat_preset00_C.mat using Guid(a6796c97b7a288e4a8dcf6121b322bd3) Importer(815301076,1909f56bfc062723c751e8b465ee728b)  -> (artifact id: '72259e0cf9cc414a3b0cd5f48977c9c4') in 0.043073 seconds 
========================================================================
Received Import Request.
  Time since last request: 0.000062 seconds.
  path: Assets/TileWorldCreator/Tiles/Version 2 Tiles/Prototype/_materials/mat_preset00_Ci.mat
  artifactKey: Guid(2d92b2d8bb89c0d4e9dd7d539ce1abe5) Importer(815301076,1909f56bfc062723c751e8b465ee728b)
Start importing Assets/TileWorldCreator/Tiles/Version 2 Tiles/Prototype/_materials/mat_preset00_Ci.mat using Guid(2d92b2d8bb89c0d4e9dd7d539ce1abe5) Importer(815301076,1909f56bfc062723c751e8b465ee728b)  -> (artifact id: 'cf9bbefd7fb36181c94186fcb076641c') in 0.038145 seconds 
========================================================================
Received Import Request.
  Time since last request: 0.000033 seconds.
  path: Assets/TileWorldCreator/Tiles/Version 3 Tiles/4-Tiles/Block/Materials/matBlockRampTilesPreset.mat
  artifactKey: Guid(11a737a49c719e341bacfc590184249a) Importer(815301076,1909f56bfc062723c751e8b465ee728b)
Start importing Assets/TileWorldCreator/Tiles/Version 3 Tiles/4-Tiles/Block/Materials/matBlockRampTilesPreset.mat using Guid(11a737a49c719e341bacfc590184249a) Importer(815301076,1909f56bfc062723c751e8b465ee728b)  -> (artifact id: '3ad7c3fe3917e065e896d782a40a4697') in 0.039585 seconds 
========================================================================
Received Import Request.
  Time since last request: 0.000025 seconds.
  path: Packages/com.unity.searcher/Editor/Resources/FlatSkin/Font/Roboto-Black.ttf
  artifactKey: Guid(1062c701058745940ae5dca6219c64c8) Importer(815301076,1909f56bfc062723c751e8b465ee728b)
Start importing Packages/com.unity.searcher/Editor/Resources/FlatSkin/Font/Roboto-Black.ttf using Guid(1062c701058745940ae5dca6219c64c8) Importer(815301076,1909f56bfc062723c751e8b465ee728b)  -> (artifact id: '6fa63a7dd42d167e72503b2777513795') in 0.043140 seconds 
========================================================================
Received Import Request.
  Time since last request: 0.000029 seconds.
  path: Assets/TileWorldCreator/Tiles/Version 3 Tiles/4-Tiles/House/Mesh/house_interiorCorner_mesh.fbx
  artifactKey: Guid(2a3fbaaf9ef36f34e829a7fbc61734aa) Importer(815301076,1909f56bfc062723c751e8b465ee728b)
Start importing Assets/TileWorldCreator/Tiles/Version 3 Tiles/4-Tiles/House/Mesh/house_interiorCorner_mesh.fbx using Guid(2a3fbaaf9ef36f34e829a7fbc61734aa) Importer(815301076,1909f56bfc062723c751e8b465ee728b)  -> (artifact id: '472022f5bd06f7fc0d9137525d750da0') in 0.074152 seconds 
========================================================================
Received Import Request.
  Time since last request: 0.000041 seconds.
  path: Assets/TileWorldCreator/Tiles/Version 2 Tiles/Prototype/_materials/mat_preset00_B.mat
  artifactKey: Guid(4680070806c93e9439201d61546b64a6) Importer(815301076,1909f56bfc062723c751e8b465ee728b)
Start importing Assets/TileWorldCreator/Tiles/Version 2 Tiles/Prototype/_materials/mat_preset00_B.mat using Guid(4680070806c93e9439201d61546b64a6) Importer(815301076,1909f56bfc062723c751e8b465ee728b)  -> (artifact id: 'f6b9a06728ac4f8c8216e3ce46d86622') in 0.035556 seconds 
========================================================================
Received Import Request.
  Time since last request: 0.000021 seconds.
  path: Assets/TileWorldCreator/Tiles/Version 2 Tiles/CliffIsland/_materials/mat_Sand_interiorCorner.mat
  artifactKey: Guid(27352fbfdc7d55347ba31196743c293d) Importer(815301076,1909f56bfc062723c751e8b465ee728b)
Start importing Assets/TileWorldCreator/Tiles/Version 2 Tiles/CliffIsland/_materials/mat_Sand_interiorCorner.mat using Guid(27352fbfdc7d55347ba31196743c293d) Importer(815301076,1909f56bfc062723c751e8b465ee728b)  -> (artifact id: '3a7eba0eda7cde8decf64e8e655159da') in 0.874279 seconds 
========================================================================
Received Import Request.
  Time since last request: 0.000029 seconds.
  path: Assets/ExampleAssets/Materials/DryWallPainted_Mat.mat
  artifactKey: Guid(9b8eadc4de0544646b75ddcc43f8fd06) Importer(815301076,1909f56bfc062723c751e8b465ee728b)
Start importing Assets/ExampleAssets/Materials/DryWallPainted_Mat.mat using Guid(9b8eadc4de0544646b75ddcc43f8fd06) Importer(815301076,1909f56bfc062723c751e8b465ee728b)  -> (artifact id: 'df4be1dbf3aca88389ef03667ae0f43a') in 0.820856 seconds 
