Using pre-set license
Built from '2020.3/staging' branch; Version is '2020.3.8f1 (507919d4fff5) revision 5273881'; Using compiler version '192528614'; Build Type 'Release'
OS: 'Windows 10 Home; OS build 19042.1466; Version 2009; 64bit' Language: 'zh' Physical Memory: 16279 MB
BatchMode: 1, IsHumanControllingUs: 0, StartBugReporterOnCrash: 0, Is64bit: 1, IsPro: 0

 COMMAND LINE ARGUMENTS:
D:\MyFloder\GameMaker\Unity\2020.3.8f1\Unity\Editor\Unity.exe
-adb2
-batchMode
-noUpm
-name
AssetImportWorker0
-projectPath
C:/Unity/Project/2.5D
-logFile
Logs/AssetImportWorker0.log
-srvPort
55145
Successfully changed project path to: C:/Unity/Project/2.5D
C:/Unity/Project/2.5D
Using Asset Import Pipeline V2.
Refreshing native plugins compatible for Editor in 88.19 ms, found 0 plugins.
Preloading 0 native plugins for Editor in 0.00 ms.
Initialize engine version: 2020.3.8f1 (507919d4fff5)
[Subsystems] Discovering subsystems at path D:/MyFloder/GameMaker/Unity/2020.3.8f1/Unity/Editor/Data/Resources/UnitySubsystems
[Subsystems] Discovering subsystems at path C:/Unity/Project/2.5D/Assets
GfxDevice: creating device client; threaded=0
Direct3D:
    Version:  Direct3D 11.0 [level 11.1]
    Renderer: NVIDIA GeForce GTX 965M (ID=0x1427)
    Vendor:   
    VRAM:     4055 MB
    Driver:   30.0.15.1123
Shader 'Universal Render Pipeline/Particles/Lit': fallback shader 'Universal Render Pipeline/Particles/SimpleLit' not found
Initialize mono
Mono path[0] = 'D:/MyFloder/GameMaker/Unity/2020.3.8f1/Unity/Editor/Data/Managed'
Mono path[1] = 'D:/MyFloder/GameMaker/Unity/2020.3.8f1/Unity/Editor/Data/MonoBleedingEdge/lib/mono/unityjit'
Mono config path = 'D:/MyFloder/GameMaker/Unity/2020.3.8f1/Unity/Editor/Data/MonoBleedingEdge/etc'
Using monoOptions --debugger-agent=transport=dt_socket,embedding=1,server=y,suspend=n,address=127.0.0.1:56572
Begin MonoManager ReloadAssembly
Registering precompiled unity dll's ...
Register platform support module: D:/MyFloder/GameMaker/Unity/2020.3.8f1/Unity/Editor/Data/PlaybackEngines/WebGLSupport/UnityEditor.WebGL.Extensions.dll
Register platform support module: D:/MyFloder/GameMaker/Unity/2020.3.8f1/Unity/Editor/Data/PlaybackEngines/WindowsStandaloneSupport/UnityEditor.WindowsStandalone.Extensions.dll
Registered in 0.001870 seconds.
Native extension for WindowsStandalone target not found
Native extension for WebGL target not found
Refreshing native plugins compatible for Editor in 92.50 ms, found 0 plugins.
Preloading 0 native plugins for Editor in 0.00 ms.
Mono: successfully reloaded assembly
- Completed reload, in  1.387 seconds
Platform modules already initialized, skipping
Registering precompiled user dll's ...
Registered in 0.003114 seconds.
Begin MonoManager ReloadAssembly
Native extension for WindowsStandalone target not found
Native extension for WebGL target not found
Refreshing native plugins compatible for Editor in 90.04 ms, found 0 plugins.
Preloading 0 native plugins for Editor in 0.00 ms.
Mono: successfully reloaded assembly
- Completed reload, in  1.476 seconds
Platform modules already initialized, skipping
========================================================================
Worker process is ready to serve import requests
Shader 'Universal Render Pipeline/Particles/Lit': fallback shader 'Universal Render Pipeline/Particles/SimpleLit' not found
Launched and connected shader compiler UnityShaderCompiler.exe after 0.08 seconds
Refreshing native plugins compatible for Editor in 0.60 ms, found 0 plugins.
Preloading 0 native plugins for Editor in 0.00 ms.
Unloading 2680 Unused Serialized files (Serialized files now loaded: 0)
System memory in use before: 128.1 MB.
System memory in use after: 127.6 MB.

Unloading 27 unused Assets to reduce memory usage. Loaded Objects now: 3114.
Total: 4.751700 ms (FindLiveObjects: 0.387200 ms CreateObjectMapping: 0.182300 ms MarkObjects: 3.679500 ms  DeleteObjects: 0.500900 ms)

========================================================================
Received Import Request.
  path: Assets/MyAssets/Scripts/Character/Logic_Input.cs
  artifactKey: Guid(aecb720cfad9b494a88f7b68bfe7ac56) Importer(815301076,1909f56bfc062723c751e8b465ee728b)
Start importing Assets/MyAssets/Scripts/Character/Logic_Input.cs using Guid(aecb720cfad9b494a88f7b68bfe7ac56) Importer(815301076,1909f56bfc062723c751e8b465ee728b)  -> (artifact id: '2d09da6fcf206d87d99b2ec181245284') in 0.091970 seconds
  Import took 0.097349 seconds .

========================================================================
Received Prepare
Registering precompiled user dll's ...
Registered in 0.003108 seconds.
Begin MonoManager ReloadAssembly
Native extension for WindowsStandalone target not found
Native extension for WebGL target not found
Refreshing native plugins compatible for Editor in 0.87 ms, found 0 plugins.
Preloading 0 native plugins for Editor in 0.00 ms.
Mono: successfully reloaded assembly
- Completed reload, in  1.286 seconds
Platform modules already initialized, skipping
Shader 'Universal Render Pipeline/Particles/Lit': fallback shader 'Universal Render Pipeline/Particles/SimpleLit' not found
Refreshing native plugins compatible for Editor in 0.64 ms, found 0 plugins.
Preloading 0 native plugins for Editor in 0.00 ms.
Unloading 2586 Unused Serialized files (Serialized files now loaded: 0)
System memory in use before: 122.6 MB.
System memory in use after: 122.2 MB.

Unloading 22 unused Assets to reduce memory usage. Loaded Objects now: 3117.
Total: 6.355700 ms (FindLiveObjects: 1.496600 ms CreateObjectMapping: 0.259700 ms MarkObjects: 3.677200 ms  DeleteObjects: 0.919600 ms)

========================================================================
Received Import Request.
  Time since last request: 173.914368 seconds.
  path: Assets/MyAssets/Scripts/Character/Move.cs
  artifactKey: Guid(c08237dc8a420564c9ce80ce0ea5bb31) Importer(815301076,1909f56bfc062723c751e8b465ee728b)
Start importing Assets/MyAssets/Scripts/Character/Move.cs using Guid(c08237dc8a420564c9ce80ce0ea5bb31) Importer(815301076,1909f56bfc062723c751e8b465ee728b)  -> (artifact id: 'f50168ed5db33f87759fad11a161af38') in 0.044471 seconds
  Import took 0.051879 seconds .

========================================================================
Received Prepare
Registering precompiled user dll's ...
Registered in 0.002022 seconds.
Begin MonoManager ReloadAssembly
Native extension for WindowsStandalone target not found
Native extension for WebGL target not found
Refreshing native plugins compatible for Editor in 2.26 ms, found 0 plugins.
Preloading 0 native plugins for Editor in 0.00 ms.
Mono: successfully reloaded assembly
- Completed reload, in  1.418 seconds
Platform modules already initialized, skipping
Shader 'Universal Render Pipeline/Particles/Lit': fallback shader 'Universal Render Pipeline/Particles/SimpleLit' not found
Refreshing native plugins compatible for Editor in 1.62 ms, found 0 plugins.
Preloading 0 native plugins for Editor in 0.00 ms.
Unloading 2586 Unused Serialized files (Serialized files now loaded: 0)
System memory in use before: 122.7 MB.
System memory in use after: 122.2 MB.

Unloading 22 unused Assets to reduce memory usage. Loaded Objects now: 3120.
Total: 3.201500 ms (FindLiveObjects: 0.282900 ms CreateObjectMapping: 0.175200 ms MarkObjects: 2.350500 ms  DeleteObjects: 0.391700 ms)

========================================================================
Received Prepare
Registering precompiled user dll's ...
Registered in 0.002274 seconds.
Begin MonoManager ReloadAssembly
Native extension for WindowsStandalone target not found
Native extension for WebGL target not found
Refreshing native plugins compatible for Editor in 0.62 ms, found 0 plugins.
Preloading 0 native plugins for Editor in 0.00 ms.
Mono: successfully reloaded assembly
- Completed reload, in  1.329 seconds
Platform modules already initialized, skipping
Shader 'Universal Render Pipeline/Particles/Lit': fallback shader 'Universal Render Pipeline/Particles/SimpleLit' not found
Refreshing native plugins compatible for Editor in 1.06 ms, found 0 plugins.
Preloading 0 native plugins for Editor in 0.00 ms.
Unloading 2586 Unused Serialized files (Serialized files now loaded: 0)
System memory in use before: 122.7 MB.
System memory in use after: 122.2 MB.

Unloading 22 unused Assets to reduce memory usage. Loaded Objects now: 3123.
Total: 4.131400 ms (FindLiveObjects: 0.284000 ms CreateObjectMapping: 0.115700 ms MarkObjects: 3.021600 ms  DeleteObjects: 0.708500 ms)

========================================================================
Received Import Request.
  Time since last request: 1384.580157 seconds.
  path: Assets/MyAssets/Scripts/Character/Logic_Input.cs
  artifactKey: Guid(aecb720cfad9b494a88f7b68bfe7ac56) Importer(815301076,1909f56bfc062723c751e8b465ee728b)
Start importing Assets/MyAssets/Scripts/Character/Logic_Input.cs using Guid(aecb720cfad9b494a88f7b68bfe7ac56) Importer(815301076,1909f56bfc062723c751e8b465ee728b)  -> (artifact id: 'b03c37a243480529ea23b7b3b10d05e3') in 0.037160 seconds
  Import took 0.042291 seconds .

========================================================================
Received Prepare
Registering precompiled user dll's ...
Registered in 0.003088 seconds.
Begin MonoManager ReloadAssembly
Native extension for WindowsStandalone target not found
Native extension for WebGL target not found
Refreshing native plugins compatible for Editor in 0.61 ms, found 0 plugins.
Preloading 0 native plugins for Editor in 0.00 ms.
Mono: successfully reloaded assembly
- Completed reload, in  1.570 seconds
Platform modules already initialized, skipping
Shader 'Universal Render Pipeline/Particles/Lit': fallback shader 'Universal Render Pipeline/Particles/SimpleLit' not found
Refreshing native plugins compatible for Editor in 0.94 ms, found 0 plugins.
Preloading 0 native plugins for Editor in 0.00 ms.
Unloading 2586 Unused Serialized files (Serialized files now loaded: 0)
System memory in use before: 122.7 MB.
System memory in use after: 122.3 MB.

Unloading 22 unused Assets to reduce memory usage. Loaded Objects now: 3126.
Total: 3.776700 ms (FindLiveObjects: 0.501700 ms CreateObjectMapping: 0.437500 ms MarkObjects: 2.401300 ms  DeleteObjects: 0.434300 ms)

========================================================================
Received Import Request.
  Time since last request: 3583.909248 seconds.
  path: Assets/MyAssets/Scripts/Character/Logic_Input.cs
  artifactKey: Guid(aecb720cfad9b494a88f7b68bfe7ac56) Importer(815301076,1909f56bfc062723c751e8b465ee728b)
Start importing Assets/MyAssets/Scripts/Character/Logic_Input.cs using Guid(aecb720cfad9b494a88f7b68bfe7ac56) Importer(815301076,1909f56bfc062723c751e8b465ee728b)  -> (artifact id: 'c538ebb8bd21aa6c5b61206eccbe967e') in 0.047836 seconds
  Import took 0.055128 seconds .

========================================================================
Received Import Request.
  Time since last request: 1.570582 seconds.
  path: Assets/MyAssets/Scripts/Player_Animator.cs
  artifactKey: Guid(c219b6b194f820c4a9e1bba30b30311a) Importer(815301076,1909f56bfc062723c751e8b465ee728b)
Start importing Assets/MyAssets/Scripts/Player_Animator.cs using Guid(c219b6b194f820c4a9e1bba30b30311a) Importer(815301076,1909f56bfc062723c751e8b465ee728b)  -> (artifact id: 'a2b81a4fa5e576c7192e1b82e6fd7958') in 0.040911 seconds
  Import took 0.047968 seconds .

========================================================================
Received Prepare
Registering precompiled user dll's ...
Registered in 0.002289 seconds.
Begin MonoManager ReloadAssembly
Native extension for WindowsStandalone target not found
Native extension for WebGL target not found
Refreshing native plugins compatible for Editor in 0.75 ms, found 0 plugins.
Preloading 0 native plugins for Editor in 0.00 ms.
Mono: successfully reloaded assembly
- Completed reload, in  1.278 seconds
Platform modules already initialized, skipping
Shader 'Universal Render Pipeline/Particles/Lit': fallback shader 'Universal Render Pipeline/Particles/SimpleLit' not found
Refreshing native plugins compatible for Editor in 1.35 ms, found 0 plugins.
Preloading 0 native plugins for Editor in 0.00 ms.
Unloading 2586 Unused Serialized files (Serialized files now loaded: 0)
System memory in use before: 122.7 MB.
System memory in use after: 122.3 MB.

Unloading 22 unused Assets to reduce memory usage. Loaded Objects now: 3129.
Total: 3.439600 ms (FindLiveObjects: 0.294700 ms CreateObjectMapping: 0.141100 ms MarkObjects: 2.603800 ms  DeleteObjects: 0.398200 ms)

========================================================================
Received Import Request.
  Time since last request: 1185.471049 seconds.
  path: Assets/MyAssets/Scripts/Character/Custom_Input.cs
  artifactKey: Guid(aecb720cfad9b494a88f7b68bfe7ac56) Importer(815301076,1909f56bfc062723c751e8b465ee728b)
Start importing Assets/MyAssets/Scripts/Character/Custom_Input.cs using Guid(aecb720cfad9b494a88f7b68bfe7ac56) Importer(815301076,1909f56bfc062723c751e8b465ee728b)  -> (artifact id: 'c035afff8b4cb4bc2bc7cf377bef7212') in 0.047296 seconds
  Import took 0.054340 seconds .

========================================================================
Received Prepare
Registering precompiled user dll's ...
Registered in 0.002376 seconds.
Begin MonoManager ReloadAssembly
Native extension for WindowsStandalone target not found
Native extension for WebGL target not found
Refreshing native plugins compatible for Editor in 0.67 ms, found 0 plugins.
Preloading 0 native plugins for Editor in 0.00 ms.
Mono: successfully reloaded assembly
- Completed reload, in  1.302 seconds
Platform modules already initialized, skipping
Shader 'Universal Render Pipeline/Particles/Lit': fallback shader 'Universal Render Pipeline/Particles/SimpleLit' not found
Refreshing native plugins compatible for Editor in 1.06 ms, found 0 plugins.
Preloading 0 native plugins for Editor in 0.00 ms.
Unloading 2586 Unused Serialized files (Serialized files now loaded: 0)
System memory in use before: 122.7 MB.
System memory in use after: 122.3 MB.

Unloading 22 unused Assets to reduce memory usage. Loaded Objects now: 3132.
Total: 4.355400 ms (FindLiveObjects: 0.350700 ms CreateObjectMapping: 0.132700 ms MarkObjects: 3.445900 ms  DeleteObjects: 0.424400 ms)

========================================================================
Received Prepare
Registering precompiled user dll's ...
Registered in 0.002270 seconds.
Begin MonoManager ReloadAssembly
Native extension for WindowsStandalone target not found
Native extension for WebGL target not found
Refreshing native plugins compatible for Editor in 0.77 ms, found 0 plugins.
Preloading 0 native plugins for Editor in 0.00 ms.
Mono: successfully reloaded assembly
- Completed reload, in  1.242 seconds
Platform modules already initialized, skipping
Shader 'Universal Render Pipeline/Particles/Lit': fallback shader 'Universal Render Pipeline/Particles/SimpleLit' not found
Refreshing native plugins compatible for Editor in 0.95 ms, found 0 plugins.
Preloading 0 native plugins for Editor in 0.00 ms.
Unloading 2586 Unused Serialized files (Serialized files now loaded: 0)
System memory in use before: 122.7 MB.
System memory in use after: 122.3 MB.

Unloading 22 unused Assets to reduce memory usage. Loaded Objects now: 3135.
Total: 6.087300 ms (FindLiveObjects: 0.441700 ms CreateObjectMapping: 0.214500 ms MarkObjects: 4.691600 ms  DeleteObjects: 0.737400 ms)

========================================================================
Received Prepare
Registering precompiled user dll's ...
Registered in 0.001960 seconds.
Begin MonoManager ReloadAssembly
Native extension for WindowsStandalone target not found
Native extension for WebGL target not found
Refreshing native plugins compatible for Editor in 0.62 ms, found 0 plugins.
Preloading 0 native plugins for Editor in 0.00 ms.
Mono: successfully reloaded assembly
- Completed reload, in  1.296 seconds
Platform modules already initialized, skipping
Shader 'Universal Render Pipeline/Particles/Lit': fallback shader 'Universal Render Pipeline/Particles/SimpleLit' not found
Refreshing native plugins compatible for Editor in 0.65 ms, found 0 plugins.
Preloading 0 native plugins for Editor in 0.00 ms.
Unloading 2586 Unused Serialized files (Serialized files now loaded: 0)
System memory in use before: 122.8 MB.
System memory in use after: 122.3 MB.

Unloading 22 unused Assets to reduce memory usage. Loaded Objects now: 3138.
Total: 4.143400 ms (FindLiveObjects: 0.371900 ms CreateObjectMapping: 0.184400 ms MarkObjects: 3.180700 ms  DeleteObjects: 0.404900 ms)

========================================================================
Received Prepare
Registering precompiled user dll's ...
Registered in 0.002047 seconds.
Begin MonoManager ReloadAssembly
Native extension for WindowsStandalone target not found
Native extension for WebGL target not found
Refreshing native plugins compatible for Editor in 0.60 ms, found 0 plugins.
Preloading 0 native plugins for Editor in 0.00 ms.
Mono: successfully reloaded assembly
- Completed reload, in  1.265 seconds
Platform modules already initialized, skipping
Shader 'Universal Render Pipeline/Particles/Lit': fallback shader 'Universal Render Pipeline/Particles/SimpleLit' not found
Refreshing native plugins compatible for Editor in 0.64 ms, found 0 plugins.
Preloading 0 native plugins for Editor in 0.00 ms.
Unloading 2586 Unused Serialized files (Serialized files now loaded: 0)
System memory in use before: 122.8 MB.
System memory in use after: 122.3 MB.

Unloading 22 unused Assets to reduce memory usage. Loaded Objects now: 3141.
Total: 4.690400 ms (FindLiveObjects: 0.320100 ms CreateObjectMapping: 0.297100 ms MarkObjects: 3.487500 ms  DeleteObjects: 0.583800 ms)

========================================================================
Received Import Request.
  Time since last request: 2216.357064 seconds.
  path: Assets/MyAssets/Scripts/Character/Custom_Input.cs
  artifactKey: Guid(aecb720cfad9b494a88f7b68bfe7ac56) Importer(815301076,1909f56bfc062723c751e8b465ee728b)
Start importing Assets/MyAssets/Scripts/Character/Custom_Input.cs using Guid(aecb720cfad9b494a88f7b68bfe7ac56) Importer(815301076,1909f56bfc062723c751e8b465ee728b)  -> (artifact id: '1e3914510bae4c8436f02ba3c5bcdff9') in 0.039689 seconds
  Import took 0.045665 seconds .

========================================================================
Received Import Request.
  Time since last request: 3.167006 seconds.
  path: Assets/MyAssets/Scripts/Character/Player.cs
  artifactKey: Guid(aecb720cfad9b494a88f7b68bfe7ac56) Importer(815301076,1909f56bfc062723c751e8b465ee728b)
Start importing Assets/MyAssets/Scripts/Character/Player.cs using Guid(aecb720cfad9b494a88f7b68bfe7ac56) Importer(815301076,1909f56bfc062723c751e8b465ee728b)  -> (artifact id: 'a5758290a6a8c7ca903df3cd6f818483') in 0.039235 seconds
  Import took 0.045933 seconds .

========================================================================
Received Import Request.
  Time since last request: 6.706289 seconds.
  path: Assets/MyAssets/Scripts/Character/Move
  artifactKey: Guid(e006f0be7bfd6314d83a61829f90650b) Importer(815301076,1909f56bfc062723c751e8b465ee728b)
Start importing Assets/MyAssets/Scripts/Character/Move using Guid(e006f0be7bfd6314d83a61829f90650b) Importer(815301076,1909f56bfc062723c751e8b465ee728b)  -> (artifact id: '72dc9099679843b238042d9604ed5e37') in 0.037401 seconds
  Import took 0.043596 seconds .

========================================================================
Received Import Request.
  Time since last request: 0.001694 seconds.
  path: Assets/MyAssets/Scripts/Character/Move
  artifactKey: Guid(e006f0be7bfd6314d83a61829f90650b) Importer(815301076,1909f56bfc062723c751e8b465ee728b)
Start importing Assets/MyAssets/Scripts/Character/Move using Guid(e006f0be7bfd6314d83a61829f90650b) Importer(815301076,1909f56bfc062723c751e8b465ee728b)  -> (artifact id: '72dc9099679843b238042d9604ed5e37') in 0.033389 seconds
  Import took 0.041129 seconds .

========================================================================
Received Prepare
Registering precompiled user dll's ...
Registered in 0.002279 seconds.
Begin MonoManager ReloadAssembly
Native extension for WindowsStandalone target not found
Native extension for WebGL target not found
Refreshing native plugins compatible for Editor in 1.22 ms, found 0 plugins.
Preloading 0 native plugins for Editor in 0.00 ms.
Mono: successfully reloaded assembly
- Completed reload, in  1.387 seconds
Platform modules already initialized, skipping
Shader 'Universal Render Pipeline/Particles/Lit': fallback shader 'Universal Render Pipeline/Particles/SimpleLit' not found
Refreshing native plugins compatible for Editor in 0.80 ms, found 0 plugins.
Preloading 0 native plugins for Editor in 0.00 ms.
Unloading 2586 Unused Serialized files (Serialized files now loaded: 0)
System memory in use before: 122.8 MB.
System memory in use after: 122.3 MB.

Unloading 22 unused Assets to reduce memory usage. Loaded Objects now: 3144.
Total: 4.015100 ms (FindLiveObjects: 0.438600 ms CreateObjectMapping: 0.295600 ms MarkObjects: 2.896200 ms  DeleteObjects: 0.383400 ms)

========================================================================
Received Import Request.
  Time since last request: 66.394954 seconds.
  path: Assets/MyAssets/Scripts/Character/Move/Move.cs
  artifactKey: Guid(c08237dc8a420564c9ce80ce0ea5bb31) Importer(815301076,1909f56bfc062723c751e8b465ee728b)
Start importing Assets/MyAssets/Scripts/Character/Move/Move.cs using Guid(c08237dc8a420564c9ce80ce0ea5bb31) Importer(815301076,1909f56bfc062723c751e8b465ee728b)  -> (artifact id: '576266998e1d703063cc9ca601f09aaf') in 0.036668 seconds
  Import took 0.041530 seconds .

========================================================================
Received Prepare
Registering precompiled user dll's ...
Registered in 0.001846 seconds.
Begin MonoManager ReloadAssembly
Native extension for WindowsStandalone target not found
Native extension for WebGL target not found
Refreshing native plugins compatible for Editor in 0.80 ms, found 0 plugins.
Preloading 0 native plugins for Editor in 0.00 ms.
Mono: successfully reloaded assembly
- Completed reload, in  1.286 seconds
Platform modules already initialized, skipping
Shader 'Universal Render Pipeline/Particles/Lit': fallback shader 'Universal Render Pipeline/Particles/SimpleLit' not found
Refreshing native plugins compatible for Editor in 1.20 ms, found 0 plugins.
Preloading 0 native plugins for Editor in 0.00 ms.
Unloading 2586 Unused Serialized files (Serialized files now loaded: 0)
System memory in use before: 122.8 MB.
System memory in use after: 122.3 MB.

Unloading 22 unused Assets to reduce memory usage. Loaded Objects now: 3147.
Total: 4.861700 ms (FindLiveObjects: 0.285900 ms CreateObjectMapping: 0.136800 ms MarkObjects: 3.885600 ms  DeleteObjects: 0.551500 ms)

========================================================================
Received Import Request.
  Time since last request: 340.487762 seconds.
  path: Assets/MyAssets/Scripts/Character/Move/Player.cs
  artifactKey: Guid(aecb720cfad9b494a88f7b68bfe7ac56) Importer(815301076,1909f56bfc062723c751e8b465ee728b)
Start importing Assets/MyAssets/Scripts/Character/Move/Player.cs using Guid(aecb720cfad9b494a88f7b68bfe7ac56) Importer(815301076,1909f56bfc062723c751e8b465ee728b)  -> (artifact id: '669bc58ec10dcaaebab8f8571ae15664') in 0.034771 seconds
  Import took 0.040577 seconds .

========================================================================
Received Prepare
Registering precompiled user dll's ...
Registered in 0.002386 seconds.
Begin MonoManager ReloadAssembly
Native extension for WindowsStandalone target not found
Native extension for WebGL target not found
Refreshing native plugins compatible for Editor in 0.62 ms, found 0 plugins.
Preloading 0 native plugins for Editor in 0.00 ms.
Mono: successfully reloaded assembly
- Completed reload, in  1.244 seconds
Platform modules already initialized, skipping
Shader 'Universal Render Pipeline/Particles/Lit': fallback shader 'Universal Render Pipeline/Particles/SimpleLit' not found
Refreshing native plugins compatible for Editor in 0.57 ms, found 0 plugins.
Preloading 0 native plugins for Editor in 0.00 ms.
Unloading 2586 Unused Serialized files (Serialized files now loaded: 0)
System memory in use before: 122.8 MB.
System memory in use after: 122.3 MB.

Unloading 22 unused Assets to reduce memory usage. Loaded Objects now: 3150.
Total: 4.700800 ms (FindLiveObjects: 0.556300 ms CreateObjectMapping: 0.560400 ms MarkObjects: 2.871100 ms  DeleteObjects: 0.711400 ms)

========================================================================
Received Import Request.
  Time since last request: 693.639839 seconds.
  path: Assets/MyAssets/Scripts/Character/Move/Player.cs
  artifactKey: Guid(aecb720cfad9b494a88f7b68bfe7ac56) Importer(815301076,1909f56bfc062723c751e8b465ee728b)
Start importing Assets/MyAssets/Scripts/Character/Move/Player.cs using Guid(aecb720cfad9b494a88f7b68bfe7ac56) Importer(815301076,1909f56bfc062723c751e8b465ee728b)  -> (artifact id: '5847d00f9f7b215a0bd918b08078c880') in 0.034720 seconds
  Import took 0.041062 seconds .

========================================================================
Received Prepare
Registering precompiled user dll's ...
Registered in 0.002847 seconds.
Begin MonoManager ReloadAssembly
Native extension for WindowsStandalone target not found
Native extension for WebGL target not found
Refreshing native plugins compatible for Editor in 0.59 ms, found 0 plugins.
Preloading 0 native plugins for Editor in 0.00 ms.
Mono: successfully reloaded assembly
- Completed reload, in  1.276 seconds
Platform modules already initialized, skipping
Shader 'Universal Render Pipeline/Particles/Lit': fallback shader 'Universal Render Pipeline/Particles/SimpleLit' not found
Refreshing native plugins compatible for Editor in 0.57 ms, found 0 plugins.
Preloading 0 native plugins for Editor in 0.00 ms.
Unloading 2586 Unused Serialized files (Serialized files now loaded: 0)
System memory in use before: 122.8 MB.
System memory in use after: 122.3 MB.

Unloading 22 unused Assets to reduce memory usage. Loaded Objects now: 3153.
Total: 3.889000 ms (FindLiveObjects: 0.466800 ms CreateObjectMapping: 0.236100 ms MarkObjects: 2.698300 ms  DeleteObjects: 0.486600 ms)

========================================================================
Received Prepare
Registering precompiled user dll's ...
Registered in 0.002159 seconds.
Begin MonoManager ReloadAssembly
Native extension for WindowsStandalone target not found
Native extension for WebGL target not found
Refreshing native plugins compatible for Editor in 1.51 ms, found 0 plugins.
Preloading 0 native plugins for Editor in 0.00 ms.
Mono: successfully reloaded assembly
- Completed reload, in  1.362 seconds
Platform modules already initialized, skipping
Shader 'Universal Render Pipeline/Particles/Lit': fallback shader 'Universal Render Pipeline/Particles/SimpleLit' not found
Refreshing native plugins compatible for Editor in 0.93 ms, found 0 plugins.
Preloading 0 native plugins for Editor in 0.00 ms.
Unloading 2586 Unused Serialized files (Serialized files now loaded: 0)
System memory in use before: 122.8 MB.
System memory in use after: 122.3 MB.

Unloading 22 unused Assets to reduce memory usage. Loaded Objects now: 3156.
Total: 4.040200 ms (FindLiveObjects: 0.406800 ms CreateObjectMapping: 0.127100 ms MarkObjects: 2.824700 ms  DeleteObjects: 0.679900 ms)

========================================================================
Received Prepare
Registering precompiled user dll's ...
Registered in 0.002125 seconds.
Begin MonoManager ReloadAssembly
Native extension for WindowsStandalone target not found
Native extension for WebGL target not found
Refreshing native plugins compatible for Editor in 0.64 ms, found 0 plugins.
Preloading 0 native plugins for Editor in 0.00 ms.
Mono: successfully reloaded assembly
- Completed reload, in  1.222 seconds
Platform modules already initialized, skipping
Shader 'Universal Render Pipeline/Particles/Lit': fallback shader 'Universal Render Pipeline/Particles/SimpleLit' not found
Refreshing native plugins compatible for Editor in 0.56 ms, found 0 plugins.
Preloading 0 native plugins for Editor in 0.00 ms.
Unloading 2586 Unused Serialized files (Serialized files now loaded: 0)
System memory in use before: 122.8 MB.
System memory in use after: 122.3 MB.

Unloading 22 unused Assets to reduce memory usage. Loaded Objects now: 3159.
Total: 4.936600 ms (FindLiveObjects: 0.485700 ms CreateObjectMapping: 0.244800 ms MarkObjects: 3.442400 ms  DeleteObjects: 0.759200 ms)

========================================================================
Received Prepare
Registering precompiled user dll's ...
Registered in 0.003776 seconds.
Begin MonoManager ReloadAssembly
Native extension for WindowsStandalone target not found
Native extension for WebGL target not found
Refreshing native plugins compatible for Editor in 0.92 ms, found 0 plugins.
Preloading 0 native plugins for Editor in 0.00 ms.
Mono: successfully reloaded assembly
- Completed reload, in  1.313 seconds
Platform modules already initialized, skipping
Shader 'Universal Render Pipeline/Particles/Lit': fallback shader 'Universal Render Pipeline/Particles/SimpleLit' not found
Refreshing native plugins compatible for Editor in 0.63 ms, found 0 plugins.
Preloading 0 native plugins for Editor in 0.00 ms.
Unloading 2586 Unused Serialized files (Serialized files now loaded: 0)
System memory in use before: 122.8 MB.
System memory in use after: 122.3 MB.

Unloading 22 unused Assets to reduce memory usage. Loaded Objects now: 3162.
Total: 4.979900 ms (FindLiveObjects: 0.694900 ms CreateObjectMapping: 0.336200 ms MarkObjects: 3.487700 ms  DeleteObjects: 0.458600 ms)

========================================================================
Received Prepare
Registering precompiled user dll's ...
Registered in 0.002734 seconds.
Begin MonoManager ReloadAssembly
Native extension for WindowsStandalone target not found
Native extension for WebGL target not found
Refreshing native plugins compatible for Editor in 0.56 ms, found 0 plugins.
Preloading 0 native plugins for Editor in 0.00 ms.
Mono: successfully reloaded assembly
- Completed reload, in  1.274 seconds
Platform modules already initialized, skipping
Shader 'Universal Render Pipeline/Particles/Lit': fallback shader 'Universal Render Pipeline/Particles/SimpleLit' not found
Refreshing native plugins compatible for Editor in 0.65 ms, found 0 plugins.
Preloading 0 native plugins for Editor in 0.00 ms.
Unloading 2586 Unused Serialized files (Serialized files now loaded: 0)
System memory in use before: 122.8 MB.
System memory in use after: 122.4 MB.

Unloading 22 unused Assets to reduce memory usage. Loaded Objects now: 3165.
Total: 3.247200 ms (FindLiveObjects: 0.326400 ms CreateObjectMapping: 0.185000 ms MarkObjects: 2.244200 ms  DeleteObjects: 0.489800 ms)

========================================================================
Received Prepare
Registering precompiled user dll's ...
Registered in 0.002724 seconds.
Begin MonoManager ReloadAssembly
Native extension for WindowsStandalone target not found
Native extension for WebGL target not found
Refreshing native plugins compatible for Editor in 0.58 ms, found 0 plugins.
Preloading 0 native plugins for Editor in 0.00 ms.
Mono: successfully reloaded assembly
- Completed reload, in  1.286 seconds
Platform modules already initialized, skipping
Shader 'Universal Render Pipeline/Particles/Lit': fallback shader 'Universal Render Pipeline/Particles/SimpleLit' not found
Refreshing native plugins compatible for Editor in 0.67 ms, found 0 plugins.
Preloading 0 native plugins for Editor in 0.00 ms.
Unloading 2586 Unused Serialized files (Serialized files now loaded: 0)
System memory in use before: 122.8 MB.
System memory in use after: 122.4 MB.

Unloading 22 unused Assets to reduce memory usage. Loaded Objects now: 3168.
Total: 6.186800 ms (FindLiveObjects: 1.463200 ms CreateObjectMapping: 0.905400 ms MarkObjects: 3.348200 ms  DeleteObjects: 0.466800 ms)

========================================================================
Received Prepare
Registering precompiled user dll's ...
Registered in 0.002632 seconds.
Begin MonoManager ReloadAssembly
Native extension for WindowsStandalone target not found
Native extension for WebGL target not found
Refreshing native plugins compatible for Editor in 0.60 ms, found 0 plugins.
Preloading 0 native plugins for Editor in 0.00 ms.
Mono: successfully reloaded assembly
- Completed reload, in  1.220 seconds
Platform modules already initialized, skipping
Shader 'Universal Render Pipeline/Particles/Lit': fallback shader 'Universal Render Pipeline/Particles/SimpleLit' not found
Refreshing native plugins compatible for Editor in 0.58 ms, found 0 plugins.
Preloading 0 native plugins for Editor in 0.00 ms.
Unloading 2586 Unused Serialized files (Serialized files now loaded: 0)
System memory in use before: 122.8 MB.
System memory in use after: 122.4 MB.

Unloading 22 unused Assets to reduce memory usage. Loaded Objects now: 3171.
Total: 3.440500 ms (FindLiveObjects: 0.307500 ms CreateObjectMapping: 0.099800 ms MarkObjects: 2.609600 ms  DeleteObjects: 0.421900 ms)

========================================================================
Received Prepare
Registering precompiled user dll's ...
Registered in 0.002488 seconds.
Begin MonoManager ReloadAssembly
Native extension for WindowsStandalone target not found
Native extension for WebGL target not found
Refreshing native plugins compatible for Editor in 0.56 ms, found 0 plugins.
Preloading 0 native plugins for Editor in 0.00 ms.
Mono: successfully reloaded assembly
- Completed reload, in  1.171 seconds
Platform modules already initialized, skipping
Shader 'Universal Render Pipeline/Particles/Lit': fallback shader 'Universal Render Pipeline/Particles/SimpleLit' not found
Refreshing native plugins compatible for Editor in 0.92 ms, found 0 plugins.
Preloading 0 native plugins for Editor in 0.00 ms.
Unloading 2586 Unused Serialized files (Serialized files now loaded: 0)
System memory in use before: 122.8 MB.
System memory in use after: 122.4 MB.

Unloading 22 unused Assets to reduce memory usage. Loaded Objects now: 3174.
Total: 3.185000 ms (FindLiveObjects: 0.284100 ms CreateObjectMapping: 0.113500 ms MarkObjects: 2.401400 ms  DeleteObjects: 0.384900 ms)

AssetImportWorkerClient::OnTransportError - code=2 error=End of file
