
=== Thu Jan 27 12:36:43 2022

Packages were changed.
Update Mode: updateDependencies

The following packages were updated:
  com.unity.collab-proxy from version 1.3.9 to 1.9.0
  com.unity.ide.visualstudio from version 2.0.7 to 2.0.11
  com.unity.render-pipelines.universal from version 10.5.1 to 10.6.0

=== Sat May  7 15:22:33 2022

Packages were changed.
Update Mode: updateDependencies

The following packages were updated:
  com.unity.ide.vscode from version 1.2.4 to 1.2.5
  com.unity.render-pipelines.universal from version 10.6.0 to 12.1.6
  com.unity.shadergraph from version 10.6.0 to 12.1.6
  com.unity.test-framework from version 1.1.30 to 1.1.31
  com.unity.timeline from version 1.6.3 to 1.6.4

=== Fri Jun 17 20:07:10 2022

Packages were changed.
Update Mode: updateDependencies

The following packages were updated:
  com.unity.render-pipelines.universal from version 12.1.6 to 12.1.7
  com.unity.shadergraph from version 12.1.6 to 12.1.7
